<?xml version="1.0" encoding="UTF-8"?>
<!-- Generated by org.testng.reporters.JUnitReportReporter -->
<testsuite hostname="pankaj" failures="0" tests="6" name="com.journaldev.utils.TestUtils" time="0.016" errors="0" timestamp="29 May 2018 07:46:35 GMT" skipped="0">
  <testcase classname="com.journaldev.utils.TestUtils" name="test_add" time="0.002"/>
  <testcase classname="com.journaldev.utils.TestUtils" name="test_add" time="0.009"/>
  <testcase classname="com.journaldev.utils.TestUtils" name="test_subtract" time="0.001"/>
  <testcase classname="com.journaldev.utils.TestUtils" name="test_subtract" time="0.002"/>
  <testcase classname="com.journaldev.utils.TestUtils" name="test_setName" time="0.001"/>
  <testcase classname="com.journaldev.utils.TestUtils" name="test_setName" time="0.001"/>
</testsuite> <!-- com.journaldev.utils.TestUtils -->
